<?xml version="1.0" encoding="UTF-8"?>
<testng-results ignored="0" total="4" passed="4" failed="0" skipped="0">
  <reporter-output>
  </reporter-output>
  <suite started-at="2024-08-13T12:45:50 IST" name="MasterSuite" finished-at="2024-08-13T12:46:12 IST" duration-ms="21767">
    <groups>
    </groups>
    <test started-at="2024-08-13T12:45:50 IST" name="MasterTests" finished-at="2024-08-13T12:46:12 IST" duration-ms="21767">
      <class name="testCases.Validations.TC_LoginFunctionUsingDDT">
        <test-method is-config="true" signature="setUp(java.lang.String,java.lang.String)[pri:0, instance:testCases.Validations.TC_LoginFunctionUsingDDT@332a7fce]" started-at="2024-08-13T12:45:50 IST" name="setUp" finished-at="2024-08-13T12:45:55 IST" duration-ms="4843" status="PASS">
          <params>
            <param index="0">
              <value>
                <![CDATA[Windows]]>
              </value>
            </param>
            <param index="1">
              <value>
                <![CDATA[chrome]]>
              </value>
            </param>
          </params>
          <reporter-output>
          </reporter-output>
        </test-method> <!-- setUp -->
        <test-method signature="LoginTestcase(java.lang.String,java.lang.String,java.lang.String)[pri:0, instance:testCases.Validations.TC_LoginFunctionUsingDDT@332a7fce]" started-at="2024-08-13T12:45:56 IST" name="LoginTestcase" data-provider="LoginDetails" finished-at="2024-08-13T12:45:57 IST" duration-ms="1666" status="PASS">
          <params>
            <param index="0">
              <value>
                <![CDATA[puru123123@gmail.com]]>
              </value>
            </param>
            <param index="1">
              <value>
                <![CDATA[Puru@123]]>
              </value>
            </param>
            <param index="2">
              <value>
                <![CDATA[Valid]]>
              </value>
            </param>
          </params>
          <reporter-output>
          </reporter-output>
        </test-method> <!-- LoginTestcase -->
        <test-method signature="LoginTestcase(java.lang.String,java.lang.String,java.lang.String)[pri:0, instance:testCases.Validations.TC_LoginFunctionUsingDDT@332a7fce]" started-at="2024-08-13T12:45:58 IST" name="LoginTestcase" data-provider="LoginDetails" finished-at="2024-08-13T12:45:59 IST" duration-ms="1429" status="PASS">
          <params>
            <param index="0">
              <value>
                <![CDATA[test@gmail.com]]>
              </value>
            </param>
            <param index="1">
              <value>
                <![CDATA[test@123]]>
              </value>
            </param>
            <param index="2">
              <value>
                <![CDATA[valid]]>
              </value>
            </param>
          </params>
          <reporter-output>
          </reporter-output>
        </test-method> <!-- LoginTestcase -->
        <test-method signature="LoginTestcase(java.lang.String,java.lang.String,java.lang.String)[pri:0, instance:testCases.Validations.TC_LoginFunctionUsingDDT@332a7fce]" started-at="2024-08-13T12:45:59 IST" name="LoginTestcase" data-provider="LoginDetails" finished-at="2024-08-13T12:46:00 IST" duration-ms="1492" status="PASS">
          <params>
            <param index="0">
              <value>
                <![CDATA[abcabc@gmail.com]]>
              </value>
            </param>
            <param index="1">
              <value>
                <![CDATA[Abc@123]]>
              </value>
            </param>
            <param index="2">
              <value>
                <![CDATA[valid]]>
              </value>
            </param>
          </params>
          <reporter-output>
          </reporter-output>
        </test-method> <!-- LoginTestcase -->
        <test-method signature="LoginTestcase(java.lang.String,java.lang.String,java.lang.String)[pri:0, instance:testCases.Validations.TC_LoginFunctionUsingDDT@332a7fce]" started-at="2024-08-13T12:46:00 IST" name="LoginTestcase" data-provider="LoginDetails" finished-at="2024-08-13T12:46:11 IST" duration-ms="11007" status="PASS">
          <params>
            <param index="0">
              <value>
                <![CDATA[]]>
              </value>
            </param>
            <param index="1">
              <value>
                <![CDATA[Abc@123]]>
              </value>
            </param>
            <param index="2">
              <value>
                <![CDATA[Invalid]]>
              </value>
            </param>
          </params>
          <reporter-output>
          </reporter-output>
        </test-method> <!-- LoginTestcase -->
        <test-method is-config="true" signature="tearDown()[pri:0, instance:testCases.Validations.TC_LoginFunctionUsingDDT@332a7fce]" started-at="2024-08-13T12:46:11 IST" name="tearDown" finished-at="2024-08-13T12:46:12 IST" duration-ms="204" status="PASS">
          <reporter-output>
          </reporter-output>
        </test-method> <!-- tearDown -->
      </class> <!-- testCases.Validations.TC_LoginFunctionUsingDDT -->
    </test> <!-- MasterTests -->
  </suite> <!-- MasterSuite -->
</testng-results>
