<?xml version="1.0" encoding="UTF-8"?>
<testng-results ignored="0" total="1" passed="1" failed="0" skipped="0">
  <reporter-output>
  </reporter-output>
  <suite started-at="2024-08-06T16:37:02 IST" name="Suite" finished-at="2024-08-06T16:37:15 IST" duration-ms="13133">
    <groups>
    </groups>
    <test started-at="2024-08-06T16:37:02 IST" name="Test" finished-at="2024-08-06T16:37:15 IST" duration-ms="13133">
      <class name="testCases.Validations.TC_AccountRegistration">
        <test-method is-config="true" signature="setUp(java.lang.String,java.lang.String)[pri:0, instance:testCases.Validations.TC_AccountRegistration@2cab9998]" started-at="2024-08-06T16:37:02 IST" name="setUp" finished-at="2024-08-06T16:37:10 IST" duration-ms="8318" status="PASS">
          <params>
            <param index="0">
              <value>
                <![CDATA[Windows]]>
              </value>
            </param>
            <param index="1">
              <value>
                <![CDATA[chrome]]>
              </value>
            </param>
          </params>
          <reporter-output>
          </reporter-output>
        </test-method> <!-- setUp -->
        <test-method signature="AccountRegistrationTest()[pri:0, instance:testCases.Validations.TC_AccountRegistration@2cab9998]" started-at="2024-08-06T16:37:10 IST" name="AccountRegistrationTest" finished-at="2024-08-06T16:37:14 IST" duration-ms="4210" status="PASS">
          <reporter-output>
          </reporter-output>
        </test-method> <!-- AccountRegistrationTest -->
        <test-method is-config="true" signature="tearDown()[pri:0, instance:testCases.Validations.TC_AccountRegistration@2cab9998]" started-at="2024-08-06T16:37:14 IST" name="tearDown" finished-at="2024-08-06T16:37:15 IST" duration-ms="505" status="PASS">
          <reporter-output>
          </reporter-output>
        </test-method> <!-- tearDown -->
      </class> <!-- testCases.Validations.TC_AccountRegistration -->
    </test> <!-- Test -->
  </suite> <!-- Suite -->
</testng-results>
