<?xml version="1.0" encoding="UTF-8"?>
<!-- Generated by org.testng.reporters.JUnitXMLReporter -->
<testsuite ignored="0" hostname="HYDPCM581971L" failures="0" tests="4" name="MasterTests" time="24.171" errors="0" timestamp="2024-08-13T11:59:09 IST">
  <testcase classname="testCases.Validations.TC_LoginFunctionUsingDDT" name="LoginTestcase" time="1.608"/>
  <testcase classname="testCases.Validations.TC_LoginFunctionUsingDDT" name="LoginTestcase" time="1.461"/>
  <testcase classname="testCases.Validations.TC_LoginFunctionUsingDDT" name="LoginTestcase" time="1.503"/>
  <testcase classname="testCases.Validations.TC_LoginFunctionUsingDDT" name="LoginTestcase" time="10.968"/>
</testsuite> <!-- MasterTests -->
