<?xml version="1.0" encoding="UTF-8"?>
<!-- Generated by org.testng.reporters.JUnitXMLReporter -->
<testsuite ignored="3" hostname="HYDPCM581971L" failures="0" tests="0" time="0.166" errors="0" timestamp="2024-08-13T11:56:50 IST">
  <testcase classname="testCases.Validations.TC_LoginFunctionUsingDDT" name="LoginTestcase" time="0.0">
    <ignored/>
  </testcase> <!-- LoginTestcase -->
  <testcase classname="testCases.Validations.TC_LoginFunction" name="LoginTestcase" time="0.0">
    <ignored/>
  </testcase> <!-- LoginTestcase -->
  <testcase classname="testCases.Validations.TC_AccountRegistration" name="AccountRegistrationTest" time="0.0">
    <ignored/>
  </testcase> <!-- AccountRegistrationTest -->
</testsuite>
